2026-01-28 10:25:33 response 200 GET https://api.gemai.cc/login
2026-01-28 10:25:34 console log %cWE ❤ NEWAPI%c Github: https://github.com/QuantumNous/new-api color: #10b981; font-weight: bold; font-size: 24px; color: inherit; font-size: 14px;
2026-01-28 10:25:35 response 200 GET https://api.gemai.cc/api/status
2026-01-28 10:25:35 response 200 POST https://api.gemai.cc/api/user/login?turnstile=
2026-01-28 10:25:35 response 200 GET https://api.gemai.cc/console/personal
2026-01-28 10:25:35 requestfailed GET https://api.gemai.cc/api/user/self net::ERR_ABORTED
2026-01-28 10:25:35 requestfailed GET https://api.gemai.cc/assets/index-Ds1Pebij.js net::ERR_ABORTED
2026-01-28 10:25:35 requestfailed GET https://api.gemai.cc/assets/IllustrationConstruction-BfOYqVqj.js net::ERR_ABORTED
2026-01-28 10:25:35 console log %cWE ❤ NEWAPI%c Github: https://github.com/QuantumNous/new-api color: #10b981; font-weight: bold; font-size: 24px; color: inherit; font-size: 14px;
2026-01-28 10:25:35 response 200 GET https://api.gemai.cc/api/status
2026-01-28 10:25:35 response 200 GET https://api.gemai.cc/api/user/self
2026-01-28 10:25:35 console log 用户权限加载成功: {sidebar_modules: Object, sidebar_settings: true}
2026-01-28 10:25:35 response 200 GET https://api.gemai.cc/api/user/2fa/status
2026-01-28 10:25:35 response 200 GET https://api.gemai.cc/api/user/checkin?month=2026-01
2026-01-28 10:25:35 response 200 GET https://api.gemai.cc/api/user/passkey
2026-01-28 10:25:36 response 200 GET https://api.gemai.cc/api/user/self
2026-01-28 10:25:36 response 200 GET https://api.gemai.cc/console/topup
2026-01-28 10:25:36 console log %cWE ❤ NEWAPI%c Github: https://github.com/QuantumNous/new-api color: #10b981; font-weight: bold; font-size: 24px; color: inherit; font-size: 14px;
2026-01-28 10:25:36 console log  enabled screem ? false  products ? []
2026-01-28 10:25:36 console log  enabled screem ? false  products ? []
2026-01-28 10:25:36 response 200 GET https://api.gemai.cc/api/status
2026-01-28 10:25:36 response 200 GET https://api.gemai.cc/api/user/topup/info
2026-01-28 10:25:36 console log  data is ? {amount_options: Array(9), creem_products: [], discount: Object, enable_creem_topup: false, enable_online_topup: true}
2026-01-28 10:25:36 console log  creem products is ? []
2026-01-28 10:25:36 console log  enabled screem ? false  products ? []
2026-01-28 10:25:36 console log  enabled screem ? false  products ? []
2026-01-28 10:25:36 response 200 GET https://api.gemai.cc/api/user/self
2026-01-28 10:25:36 response 200 GET https://api.gemai.cc/api/user/aff
2026-01-28 10:25:36 console log  enabled screem ? false  products ? []
2026-01-28 10:25:36 response 200 POST https://api.gemai.cc/api/user/amount
2026-01-28 10:25:36 console log  enabled screem ? false  products ? []
2026-01-28 10:25:37 console log  enabled screem ? false  products ? []